C:\Users\atul.sanap\Desktop\Ecommerce\dist\out-tsc\e2e\src\app.po.js
C:\Users\atul.sanap\Desktop\Ecommerce\dist\out-tsc\e2e\src\app.po.js.map
C:\Users\atul.sanap\Desktop\Ecommerce\dist\out-tsc\e2e\src\app.e2e-spec.js
C:\Users\atul.sanap\Desktop\Ecommerce\dist\out-tsc\e2e\src\app.e2e-spec.js.map
C:\Users\atul.sanap\Desktop\Ecommerce\dist\out-tsc\src\app\Component\customer\customer.component.js
C:\Users\atul.sanap\Desktop\Ecommerce\dist\out-tsc\src\app\Component\customer\customer.component.js.map
C:\Users\atul.sanap\Desktop\Ecommerce\dist\out-tsc\src\app\app-routing.module.js
C:\Users\atul.sanap\Desktop\Ecommerce\dist\out-tsc\src\app\app-routing.module.js.map
C:\Users\atul.sanap\Desktop\Ecommerce\dist\out-tsc\src\app\app.component.js
C:\Users\atul.sanap\Desktop\Ecommerce\dist\out-tsc\src\app\app.component.js.map
C:\Users\atul.sanap\Desktop\Ecommerce\dist\out-tsc\src\app\app.module.js
C:\Users\atul.sanap\Desktop\Ecommerce\dist\out-tsc\src\app\app.module.js.map
C:\Users\atul.sanap\Desktop\Ecommerce\dist\out-tsc\src\environments\environment.js
C:\Users\atul.sanap\Desktop\Ecommerce\dist\out-tsc\src\environments\environment.js.map
C:\Users\atul.sanap\Desktop\Ecommerce\dist\out-tsc\src\main.js
C:\Users\atul.sanap\Desktop\Ecommerce\dist\out-tsc\src\main.js.map
C:\Users\atul.sanap\Desktop\Ecommerce\dist\out-tsc\src\polyfills.js
C:\Users\atul.sanap\Desktop\Ecommerce\dist\out-tsc\src\polyfills.js.map
C:\Users\atul.sanap\Desktop\Ecommerce\dist\out-tsc\src\test.js
C:\Users\atul.sanap\Desktop\Ecommerce\dist\out-tsc\src\test.js.map
C:\Users\atul.sanap\Desktop\Ecommerce\dist\out-tsc\src\app\app.component.spec.js
C:\Users\atul.sanap\Desktop\Ecommerce\dist\out-tsc\src\app\app.component.spec.js.map
C:\Users\atul.sanap\Desktop\Ecommerce\dist\out-tsc\src\app\Component\customer\customer.component.spec.js
C:\Users\atul.sanap\Desktop\Ecommerce\dist\out-tsc\src\app\Component\customer\customer.component.spec.js.map
C:\Users\atul.sanap\Desktop\Ecommerce\dist\out-tsc\src\app\Shared\data-service.service.js
C:\Users\atul.sanap\Desktop\Ecommerce\dist\out-tsc\src\app\Shared\data-service.service.js.map
C:\Users\atul.sanap\Desktop\Ecommerce\dist\out-tsc\src\app\Shared\data-service.service.spec.js
C:\Users\atul.sanap\Desktop\Ecommerce\dist\out-tsc\src\app\Shared\data-service.service.spec.js.map
C:\Users\atul.sanap\Desktop\Ecommerce\dist\out-tsc\src\environments\environment.prod.js
C:\Users\atul.sanap\Desktop\Ecommerce\dist\out-tsc\src\environments\environment.prod.js.map
